\BOOKMARK [0][]{chapter.1}{1 Tehnologii}{}
\BOOKMARK [1][]{section.1.1}{1.1 Eclipse Rich Client Platform}{chapter.1}
\BOOKMARK [2][]{subsection.1.1.1}{1.1.1 Eclipse Runtime}{section.1.1}
\BOOKMARK [2][]{subsection.1.1.2}{1.1.2 SWT}{section.1.1}
\BOOKMARK [2][]{subsection.1.1.3}{1.1.3 JFace}{section.1.1}
\BOOKMARK [2][]{subsection.1.1.4}{1.1.4 Workbench}{section.1.1}
\BOOKMARK [1][]{section.1.2}{1.2 OpenGL si extensia OpenGL pentru SWT}{chapter.1}
\BOOKMARK [2][]{subsection.1.2.1}{1.2.1 OpenGL \356n Java}{section.1.2}
\BOOKMARK [2][]{subsection.1.2.2}{1.2.2 OpenGL pentru SWT}{section.1.2}
\BOOKMARK [1][]{section.1.3}{1.3 Ratiunea alegerii tehnologiilor}{chapter.1}
\BOOKMARK [2][]{subsection.1.3.1}{1.3.1 PHP si Python}{section.1.3}
\BOOKMARK [2][]{subsection.1.3.2}{1.3.2 C si C++}{section.1.3}
\BOOKMARK [2][]{subsection.1.3.3}{1.3.3 .net Framework}{section.1.3}
\BOOKMARK [2][]{subsection.1.3.4}{1.3.4 Java}{section.1.3}
\BOOKMARK [2][]{subsection.1.3.5}{1.3.5 Eclipse RCP}{section.1.3}
\BOOKMARK [0][]{chapter.2}{2 Arhitectura aplicatiei}{}
\BOOKMARK [1][]{section.2.1}{2.1 Modelul de lucru}{chapter.2}
\BOOKMARK [2][]{subsection.2.1.1}{2.1.1 Tipuri de primitive}{section.2.1}
\BOOKMARK [1][]{section.2.2}{2.2 Editorul OpenGL}{chapter.2}
\BOOKMARK [2][]{subsection.2.2.1}{2.2.1 Aspecte ale modelului}{section.2.2}
\BOOKMARK [2][]{subsection.2.2.2}{2.2.2 Editorul ca masina de stari}{section.2.2}
\BOOKMARK [2][]{subsection.2.2.3}{2.2.3 Facilitatile Editorului OpenGL}{section.2.2}
