\BOOKMARK [0][]{chapter.1}{1 Introducere}{}
\BOOKMARK [0][]{chapter.2}{2 Obiective}{}
\BOOKMARK [0][]{chapter.3}{3 Tehnologii}{}
\BOOKMARK [1][]{section.3.1}{3.1 Eclipse Rich Client Platform}{chapter.3}
\BOOKMARK [2][]{subsection.3.1.1}{3.1.1 Eclipse Runtime}{section.3.1}
\BOOKMARK [2][]{subsection.3.1.2}{3.1.2 SWT}{section.3.1}
\BOOKMARK [2][]{subsection.3.1.3}{3.1.3 JFace}{section.3.1}
\BOOKMARK [2][]{subsection.3.1.4}{3.1.4 Workbench}{section.3.1}
\BOOKMARK [1][]{section.3.2}{3.2 OpenGL si extensia OpenGL pentru SWT}{chapter.3}
\BOOKMARK [2][]{subsection.3.2.1}{3.2.1 OpenGL \356n Java}{section.3.2}
\BOOKMARK [2][]{subsection.3.2.2}{3.2.2 OpenGL pentru SWT}{section.3.2}
\BOOKMARK [1][]{section.3.3}{3.3 Ratiunea alegerii tehnologiilor}{chapter.3}
\BOOKMARK [2][]{subsection.3.3.1}{3.3.1 PHP si Python}{section.3.3}
\BOOKMARK [2][]{subsection.3.3.2}{3.3.2 C si C++}{section.3.3}
\BOOKMARK [2][]{subsection.3.3.3}{3.3.3 .net Framework}{section.3.3}
\BOOKMARK [2][]{subsection.3.3.4}{3.3.4 Java}{section.3.3}
\BOOKMARK [2][]{subsection.3.3.5}{3.3.5 Eclipse RCP}{section.3.3}
\BOOKMARK [0][]{chapter.4}{4 Arhitectura aplicatiei}{}
\BOOKMARK [1][]{section.4.1}{4.1 Modelul de lucru}{chapter.4}
\BOOKMARK [2][]{subsection.4.1.1}{4.1.1 Tipuri de primitive}{section.4.1}
\BOOKMARK [1][]{section.4.2}{4.2 Editorul OpenGL}{chapter.4}
\BOOKMARK [2][]{subsection.4.2.1}{4.2.1 Aspecte ale modelului}{section.4.2}
\BOOKMARK [2][]{subsection.4.2.2}{4.2.2 Editorul ca masina de stari}{section.4.2}
\BOOKMARK [2][]{subsection.4.2.3}{4.2.3 Facilitatile Editorului OpenGL}{section.4.2}
\BOOKMARK [0][]{chapter.5}{5 Implementare}{}
\BOOKMARK [0][]{chapter.6}{6 Concluzii}{}
